This file contains any messages produced by compilers while
running configure, to aid debugging if configure makes a mistake.

It was created by MATIO configure 1.5.12, which was
generated by GNU Autoconf 2.69.  Invocation command line was

  $ /home/ubuntu/passive_radar/gnss-sdr/thirdparty/matio/matio-1.5.12/configure --with-hdf5=/usr/lib/x86_64-linux-gnu/hdf5/serial --with-zlib=/usr --with-default-file-ver=7.3 --enable-mat73=yes --prefix=/home/ubuntu/passive_radar/gnss-sdr/build/matio

## --------- ##
## Platform. ##
## --------- ##

hostname = ubuntu
uname -m = x86_64
uname -r = 4.8.0-36-generic
uname -s = Linux
uname -v = #36~16.04.1-Ubuntu SMP Sun Feb 5 09:39:57 UTC 2017

/usr/bin/uname -p = unknown
/bin/uname -X     = unknown

/bin/arch              = unknown
/usr/bin/arch -k       = unknown
/usr/convex/getsysinfo = unknown
/usr/bin/hostinfo      = unknown
/bin/machine           = unknown
/usr/bin/oslevel       = unknown
/bin/universe          = unknown

PATH: /home/ubuntu/bin
PATH: /home/ubuntu/.local/bin
PATH: /usr/local/sbin
PATH: /usr/local/bin
PATH: /usr/sbin
PATH: /usr/bin
PATH: /sbin
PATH: /bin
PATH: /usr/games
PATH: /usr/local/games
PATH: /snap/bin


## ----------- ##
## Core tests. ##
## ----------- ##

configure:2624: checking for a BSD-compatible install
configure:2692: result: /usr/bin/install -c
configure:2703: checking whether build environment is sane
configure:2758: result: yes
configure:2796: WARNING: 'missing' script is too old or missing
configure:2909: checking for a thread-safe mkdir -p
configure:2948: result: /bin/mkdir -p
configure:2955: checking for gawk
configure:2985: result: no
configure:2955: checking for mawk
configure:2971: found /usr/bin/mawk
configure:2982: result: mawk
configure:2993: checking whether make sets $(MAKE)
configure:3015: result: yes
configure:3044: checking whether make supports nested variables
configure:3061: result: yes
configure:3198: checking whether make supports nested variables
configure:3215: result: yes
configure:3227: checking whether to enable maintainer-specific portions of Makefiles
configure:3236: result: no
configure:3254: checking build system type
configure:3268: result: x86_64-pc-linux-gnu
configure:3288: checking host system type
configure:3301: result: x86_64-pc-linux-gnu
configure:3412: checking for pgcc
configure:3442: result: no
configure:3412: checking for icc
configure:3442: result: no
configure:3412: checking for gcc
configure:3428: found /usr/bin/gcc
configure:3439: result: gcc
configure:3470: checking for C compiler version
configure:3479: gcc --version >&5
gcc (Ubuntu 5.4.0-6ubuntu1~16.04.4) 5.4.0 20160609
Copyright (C) 2015 Free Software Foundation, Inc.
This is free software; see the source for copying conditions.  There is NO
warranty; not even for MERCHANTABILITY or FITNESS FOR A PARTICULAR PURPOSE.

configure:3490: $? = 0
configure:3479: gcc -v >&5
Using built-in specs.
COLLECT_GCC=gcc
COLLECT_LTO_WRAPPER=/usr/lib/gcc/x86_64-linux-gnu/5/lto-wrapper
Target: x86_64-linux-gnu
Configured with: ../src/configure -v --with-pkgversion='Ubuntu 5.4.0-6ubuntu1~16.04.4' --with-bugurl=file:///usr/share/doc/gcc-5/README.Bugs --enable-languages=c,ada,c++,java,go,d,fortran,objc,obj-c++ --prefix=/usr --program-suffix=-5 --enable-shared --enable-linker-build-id --libexecdir=/usr/lib --without-included-gettext --enable-threads=posix --libdir=/usr/lib --enable-nls --with-sysroot=/ --enable-clocale=gnu --enable-libstdcxx-debug --enable-libstdcxx-time=yes --with-default-libstdcxx-abi=new --enable-gnu-unique-object --disable-vtable-verify --enable-libmpx --enable-plugin --with-system-zlib --disable-browser-plugin --enable-java-awt=gtk --enable-gtk-cairo --with-java-home=/usr/lib/jvm/java-1.5.0-gcj-5-amd64/jre --enable-java-home --with-jvm-root-dir=/usr/lib/jvm/java-1.5.0-gcj-5-amd64 --with-jvm-jar-dir=/usr/lib/jvm-exports/java-1.5.0-gcj-5-amd64 --with-arch-directory=amd64 --with-ecj-jar=/usr/share/java/eclipse-ecj.jar --enable-objc-gc --enable-multiarch --disable-werror --with-arch-32=i686 --with-abi=m64 --with-multilib-list=m32,m64,mx32 --enable-multilib --with-tune=generic --enable-checking=release --build=x86_64-linux-gnu --host=x86_64-linux-gnu --target=x86_64-linux-gnu
Thread model: posix
gcc version 5.4.0 20160609 (Ubuntu 5.4.0-6ubuntu1~16.04.4) 
configure:3490: $? = 0
configure:3479: gcc -V >&5
gcc: error: unrecognized command line option '-V'
gcc: fatal error: no input files
compilation terminated.
configure:3490: $? = 1
configure:3479: gcc -qversion >&5
gcc: error: unrecognized command line option '-qversion'
gcc: fatal error: no input files
compilation terminated.
configure:3490: $? = 1
configure:3510: checking whether the C compiler works
configure:3532: gcc    conftest.c  >&5
configure:3536: $? = 0
configure:3584: result: yes
configure:3587: checking for C compiler default output file name
configure:3589: result: a.out
configure:3595: checking for suffix of executables
configure:3602: gcc -o conftest    conftest.c  >&5
configure:3606: $? = 0
configure:3628: result: 
configure:3650: checking whether we are cross compiling
configure:3658: gcc -o conftest    conftest.c  >&5
configure:3662: $? = 0
configure:3669: ./conftest
configure:3673: $? = 0
configure:3688: result: no
configure:3693: checking for suffix of object files
configure:3715: gcc -c   conftest.c >&5
configure:3719: $? = 0
configure:3740: result: o
configure:3744: checking whether we are using the GNU C compiler
configure:3763: gcc -c   conftest.c >&5
configure:3763: $? = 0
configure:3772: result: yes
configure:3781: checking whether gcc accepts -g
configure:3801: gcc -c -g  conftest.c >&5
configure:3801: $? = 0
configure:3842: result: yes
configure:3859: checking for gcc option to accept ISO C89
configure:3922: gcc  -c -g -O2  conftest.c >&5
configure:3922: $? = 0
configure:3935: result: none needed
configure:3960: checking whether gcc understands -c and -o together
configure:3982: gcc -c conftest.c -o conftest2.o
configure:3985: $? = 0
configure:3982: gcc -c conftest.c -o conftest2.o
configure:3985: $? = 0
configure:3997: result: yes
configure:4028: checking debug mode
configure:4032: result: no
configure:4057: checking profile mode
configure:4061: result: no
configure:4215: checking how to print strings
configure:4242: result: printf
configure:4263: checking for a sed that does not truncate output
configure:4327: result: /bin/sed
configure:4345: checking for grep that handles long lines and -e
configure:4403: result: /bin/grep
configure:4408: checking for egrep
configure:4470: result: /bin/grep -E
configure:4475: checking for fgrep
configure:4537: result: /bin/grep -F
configure:4572: checking for ld used by gcc
configure:4639: result: /usr/bin/ld
configure:4646: checking if the linker (/usr/bin/ld) is GNU ld
configure:4661: result: yes
configure:4673: checking for BSD- or MS-compatible name lister (nm)
configure:4727: result: /usr/bin/nm -B
configure:4857: checking the name lister (/usr/bin/nm -B) interface
configure:4864: gcc -c  -g -O2  conftest.c >&5
configure:4867: /usr/bin/nm -B "conftest.o"
configure:4870: output
0000000000000000 B some_variable
configure:4877: result: BSD nm
configure:4880: checking whether ln -s works
configure:4884: result: yes
configure:4892: checking the maximum length of command line arguments
configure:5023: result: 1572864
configure:5071: checking how to convert x86_64-pc-linux-gnu file names to x86_64-pc-linux-gnu format
configure:5111: result: func_convert_file_noop
configure:5118: checking how to convert x86_64-pc-linux-gnu file names to toolchain format
configure:5138: result: func_convert_file_noop
configure:5145: checking for /usr/bin/ld option to reload object files
configure:5152: result: -r
configure:5226: checking for objdump
configure:5242: found /usr/bin/objdump
configure:5253: result: objdump
configure:5285: checking how to recognize dependent libraries
configure:5485: result: pass_all
configure:5570: checking for dlltool
configure:5600: result: no
configure:5630: checking how to associate runtime and link libraries
configure:5657: result: printf %s\n
configure:5718: checking for ar
configure:5734: found /usr/bin/ar
configure:5745: result: ar
configure:5782: checking for archiver @FILE support
configure:5799: gcc -c  -g -O2  conftest.c >&5
configure:5799: $? = 0
configure:5802: ar cru libconftest.a @conftest.lst >&5
ar: `u' modifier ignored since `D' is the default (see `U')
configure:5805: $? = 0
configure:5810: ar cru libconftest.a @conftest.lst >&5
ar: `u' modifier ignored since `D' is the default (see `U')
ar: conftest.o: No such file or directory
configure:5813: $? = 1
configure:5825: result: @
configure:5883: checking for strip
configure:5899: found /usr/bin/strip
configure:5910: result: strip
configure:5982: checking for ranlib
configure:5998: found /usr/bin/ranlib
configure:6009: result: ranlib
configure:6111: checking command to parse /usr/bin/nm -B output from gcc object
configure:6264: gcc -c  -g -O2  conftest.c >&5
configure:6267: $? = 0
configure:6271: /usr/bin/nm -B conftest.o \| sed -n -e 's/^.*[ ]\([ABCDGIRSTW][ABCDGIRSTW]*\)[ ][ ]*\([_A-Za-z][_A-Za-z0-9]*\)$/\1 \2 \2/p' | sed '/ __gnu_lto/d' \> conftest.nm
configure:6274: $? = 0
configure:6340: gcc -o conftest  -g -O2   conftest.c conftstm.o >&5
configure:6343: $? = 0
configure:6381: result: ok
configure:6428: checking for sysroot
configure:6458: result: no
configure:6465: checking for a working dd
configure:6503: result: /bin/dd
configure:6507: checking how to truncate binary pipes
configure:6522: result: /bin/dd bs=4096 count=1
configure:6658: gcc -c  -g -O2  conftest.c >&5
configure:6661: $? = 0
configure:6851: checking for mt
configure:6867: found /bin/mt
configure:6878: result: mt
configure:6901: checking if mt is a manifest tool
configure:6907: mt '-?'
configure:6915: result: no
configure:7592: checking how to run the C preprocessor
configure:7623: gcc -E  conftest.c
configure:7623: $? = 0
configure:7637: gcc -E  conftest.c
conftest.c:19:28: fatal error: ac_nonexistent.h: No such file or directory
compilation terminated.
configure:7637: $? = 1
configure: failed program was:
| /* confdefs.h */
| #define PACKAGE_NAME "MATIO"
| #define PACKAGE_TARNAME "matio"
| #define PACKAGE_VERSION "1.5.12"
| #define PACKAGE_STRING "MATIO 1.5.12"
| #define PACKAGE_BUGREPORT "t-beu@users.sourceforge.net"
| #define PACKAGE_URL "http://sourceforge.net/projects/matio"
| #define PACKAGE "matio"
| #define VERSION "1.5.12"
| #define MATIO_PLATFORM "x86_64-pc-linux-gnu"
| #define MATIO_MAJOR_VERSION 1
| #define MATIO_MINOR_VERSION 5
| #define MATIO_RELEASE_LEVEL 12
| #define MATIO_VERSION 1512
| #define MATIO_VERSION_STR "1.5.12"
| #define NODEBUG /**/
| #define NODEBUG /**/
| /* end confdefs.h.  */
| #include <ac_nonexistent.h>
configure:7662: result: gcc -E
configure:7682: gcc -E  conftest.c
configure:7682: $? = 0
configure:7696: gcc -E  conftest.c
conftest.c:19:28: fatal error: ac_nonexistent.h: No such file or directory
compilation terminated.
configure:7696: $? = 1
configure: failed program was:
| /* confdefs.h */
| #define PACKAGE_NAME "MATIO"
| #define PACKAGE_TARNAME "matio"
| #define PACKAGE_VERSION "1.5.12"
| #define PACKAGE_STRING "MATIO 1.5.12"
| #define PACKAGE_BUGREPORT "t-beu@users.sourceforge.net"
| #define PACKAGE_URL "http://sourceforge.net/projects/matio"
| #define PACKAGE "matio"
| #define VERSION "1.5.12"
| #define MATIO_PLATFORM "x86_64-pc-linux-gnu"
| #define MATIO_MAJOR_VERSION 1
| #define MATIO_MINOR_VERSION 5
| #define MATIO_RELEASE_LEVEL 12
| #define MATIO_VERSION 1512
| #define MATIO_VERSION_STR "1.5.12"
| #define NODEBUG /**/
| #define NODEBUG /**/
| /* end confdefs.h.  */
| #include <ac_nonexistent.h>
configure:7725: checking for ANSI C header files
configure:7745: gcc -c  -g -O2  conftest.c >&5
configure:7745: $? = 0
configure:7818: gcc -o conftest  -g -O2   conftest.c  >&5
configure:7818: $? = 0
configure:7818: ./conftest
configure:7818: $? = 0
configure:7829: result: yes
configure:7842: checking for sys/types.h
configure:7842: gcc -c  -g -O2  conftest.c >&5
configure:7842: $? = 0
configure:7842: result: yes
configure:7842: checking for sys/stat.h
configure:7842: gcc -c  -g -O2  conftest.c >&5
configure:7842: $? = 0
configure:7842: result: yes
configure:7842: checking for stdlib.h
configure:7842: gcc -c  -g -O2  conftest.c >&5
configure:7842: $? = 0
configure:7842: result: yes
configure:7842: checking for string.h
configure:7842: gcc -c  -g -O2  conftest.c >&5
configure:7842: $? = 0
configure:7842: result: yes
configure:7842: checking for memory.h
configure:7842: gcc -c  -g -O2  conftest.c >&5
configure:7842: $? = 0
configure:7842: result: yes
configure:7842: checking for strings.h
configure:7842: gcc -c  -g -O2  conftest.c >&5
configure:7842: $? = 0
configure:7842: result: yes
configure:7842: checking for inttypes.h
configure:7842: gcc -c  -g -O2  conftest.c >&5
configure:7842: $? = 0
configure:7842: result: yes
configure:7842: checking for stdint.h
configure:7842: gcc -c  -g -O2  conftest.c >&5
configure:7842: $? = 0
configure:7842: result: yes
configure:7842: checking for unistd.h
configure:7842: gcc -c  -g -O2  conftest.c >&5
configure:7842: $? = 0
configure:7842: result: yes
configure:7856: checking for dlfcn.h
configure:7856: gcc -c  -g -O2  conftest.c >&5
configure:7856: $? = 0
configure:7856: result: yes
configure:8052: checking for objdir
configure:8067: result: .libs
configure:8331: checking if gcc supports -fno-rtti -fno-exceptions
configure:8349: gcc -c  -g -O2  -fno-rtti -fno-exceptions conftest.c >&5
cc1: warning: command line option '-fno-rtti' is valid for C++/ObjC++ but not for C
configure:8353: $? = 0
configure:8366: result: no
configure:8724: checking for gcc option to produce PIC
configure:8731: result: -fPIC -DPIC
configure:8739: checking if gcc PIC flag -fPIC -DPIC works
configure:8757: gcc -c  -g -O2  -fPIC -DPIC -DPIC conftest.c >&5
configure:8761: $? = 0
configure:8774: result: yes
configure:8803: checking if gcc static flag -static works
configure:8831: result: yes
configure:8846: checking if gcc supports -c -o file.o
configure:8867: gcc -c  -g -O2  -o out/conftest2.o conftest.c >&5
configure:8871: $? = 0
configure:8893: result: yes
configure:8901: checking if gcc supports -c -o file.o
configure:8948: result: yes
configure:8981: checking whether the gcc linker (/usr/bin/ld -m elf_x86_64) supports shared libraries
configure:10244: result: yes
configure:10281: checking whether -lc should be explicitly linked in
configure:10289: gcc -c  -g -O2  conftest.c >&5
configure:10292: $? = 0
configure:10307: gcc -shared  -fPIC -DPIC conftest.o  -v -Wl,-soname -Wl,conftest -o conftest 2\>\&1 \| /bin/grep  -lc  \>/dev/null 2\>\&1
configure:10310: $? = 0
configure:10324: result: no
configure:10484: checking dynamic linker characteristics
configure:11065: gcc -o conftest  -g -O2   -Wl,-rpath -Wl,/foo conftest.c  >&5
configure:11065: $? = 0
configure:11314: result: GNU/Linux ld.so
configure:11436: checking how to hardcode library paths into programs
configure:11461: result: immediate
configure:12009: checking whether stripping libraries is possible
configure:12014: result: yes
configure:12049: checking if libtool supports shared libraries
configure:12051: result: yes
configure:12054: checking whether to build shared libraries
configure:12079: result: yes
configure:12082: checking whether to build static libraries
configure:12086: result: yes
configure:12124: checking whether make sets $(MAKE)
configure:12146: result: yes
configure:12157: checking for grep that handles long lines and -e
configure:12215: result: /bin/grep
configure:12222: checking for pow in -lm
configure:12247: gcc -o conftest  -g -O2   conftest.c -lm   >&5
conftest.c:38:6: warning: conflicting types for built-in function 'pow'
 char pow ();
      ^
configure:12247: $? = 0
configure:12256: result: yes
configure:12271: checking for ANSI C header files
configure:12375: result: yes
configure:12389: checking for stdarg.h
configure:12389: gcc -c  -g -O2  conftest.c >&5
configure:12389: $? = 0
configure:12389: result: yes
configure:12389: checking for varargs.h
configure:12389: gcc -c  -g -O2  conftest.c >&5
In file included from conftest.c:68:0:
/usr/lib/gcc/x86_64-linux-gnu/5/include/varargs.h:4:2: error: #error "GCC no longer implements <varargs.h>."
 #error "GCC no longer implements <varargs.h>."
  ^
/usr/lib/gcc/x86_64-linux-gnu/5/include/varargs.h:5:2: error: #error "Revise your code to use <stdarg.h>."
 #error "Revise your code to use <stdarg.h>."
  ^
configure:12389: $? = 1
configure: failed program was:
| /* confdefs.h */
| #define PACKAGE_NAME "MATIO"
| #define PACKAGE_TARNAME "matio"
| #define PACKAGE_VERSION "1.5.12"
| #define PACKAGE_STRING "MATIO 1.5.12"
| #define PACKAGE_BUGREPORT "t-beu@users.sourceforge.net"
| #define PACKAGE_URL "http://sourceforge.net/projects/matio"
| #define PACKAGE "matio"
| #define VERSION "1.5.12"
| #define MATIO_PLATFORM "x86_64-pc-linux-gnu"
| #define MATIO_MAJOR_VERSION 1
| #define MATIO_MINOR_VERSION 5
| #define MATIO_RELEASE_LEVEL 12
| #define MATIO_VERSION 1512
| #define MATIO_VERSION_STR "1.5.12"
| #define NODEBUG /**/
| #define NODEBUG /**/
| #define STDC_HEADERS 1
| #define HAVE_SYS_TYPES_H 1
| #define HAVE_SYS_STAT_H 1
| #define HAVE_STDLIB_H 1
| #define HAVE_STRING_H 1
| #define HAVE_MEMORY_H 1
| #define HAVE_STRINGS_H 1
| #define HAVE_INTTYPES_H 1
| #define HAVE_STDINT_H 1
| #define HAVE_UNISTD_H 1
| #define HAVE_DLFCN_H 1
| #define LT_OBJDIR ".libs/"
| #define HAVE_LIBM 1
| #define STDC_HEADERS 1
| #define HAVE_STDARG_H 1
| /* end confdefs.h.  */
| #include <stdio.h>
| #ifdef HAVE_SYS_TYPES_H
| # include <sys/types.h>
| #endif
| #ifdef HAVE_SYS_STAT_H
| # include <sys/stat.h>
| #endif
| #ifdef STDC_HEADERS
| # include <stdlib.h>
| # include <stddef.h>
| #else
| # ifdef HAVE_STDLIB_H
| #  include <stdlib.h>
| # endif
| #endif
| #ifdef HAVE_STRING_H
| # if !defined STDC_HEADERS && defined HAVE_MEMORY_H
| #  include <memory.h>
| # endif
| # include <string.h>
| #endif
| #ifdef HAVE_STRINGS_H
| # include <strings.h>
| #endif
| #ifdef HAVE_INTTYPES_H
| # include <inttypes.h>
| #endif
| #ifdef HAVE_STDINT_H
| # include <stdint.h>
| #endif
| #ifdef HAVE_UNISTD_H
| # include <unistd.h>
| #endif
| 
| #include <varargs.h>
configure:12389: result: no
configure:12406: checking for inttypes.h
configure:12406: result: yes
configure:12416: checking for stdint.h
configure:12416: result: yes
configure:12426: checking for strings.h
configure:12426: result: yes
configure:12436: checking for unistd.h
configure:12436: result: yes
configure:12449: checking locale.h usability
configure:12449: gcc -c  -g -O2  conftest.c >&5
configure:12449: $? = 0
configure:12449: result: yes
configure:12449: checking locale.h presence
configure:12449: gcc -E  conftest.c
configure:12449: $? = 0
configure:12449: result: yes
configure:12449: checking for locale.h
configure:12449: result: yes
configure:12449: checking stddef.h usability
configure:12449: gcc -c  -g -O2  conftest.c >&5
configure:12449: $? = 0
configure:12449: result: yes
configure:12449: checking stddef.h presence
configure:12449: gcc -E  conftest.c
configure:12449: $? = 0
configure:12449: result: yes
configure:12449: checking for stddef.h
configure:12449: result: yes
configure:12459: checking for struct lconv.decimal_point
configure:12459: gcc -c  -g -O2  conftest.c >&5
configure:12459: $? = 0
configure:12459: result: yes
configure:12469: checking for struct lconv.thousands_sep
configure:12469: gcc -c  -g -O2  conftest.c >&5
configure:12469: $? = 0
configure:12469: result: yes
configure:12481: checking for ptrdiff_t
configure:12481: gcc -c  -g -O2  conftest.c >&5
configure:12481: $? = 0
configure:12481: gcc -c  -g -O2  conftest.c >&5
conftest.c: In function 'main':
conftest.c:78:24: error: expected expression before ')' token
 if (sizeof ((ptrdiff_t)))
                        ^
configure:12481: $? = 1
configure: failed program was:
| /* confdefs.h */
| #define PACKAGE_NAME "MATIO"
| #define PACKAGE_TARNAME "matio"
| #define PACKAGE_VERSION "1.5.12"
| #define PACKAGE_STRING "MATIO 1.5.12"
| #define PACKAGE_BUGREPORT "t-beu@users.sourceforge.net"
| #define PACKAGE_URL "http://sourceforge.net/projects/matio"
| #define PACKAGE "matio"
| #define VERSION "1.5.12"
| #define MATIO_PLATFORM "x86_64-pc-linux-gnu"
| #define MATIO_MAJOR_VERSION 1
| #define MATIO_MINOR_VERSION 5
| #define MATIO_RELEASE_LEVEL 12
| #define MATIO_VERSION 1512
| #define MATIO_VERSION_STR "1.5.12"
| #define NODEBUG /**/
| #define NODEBUG /**/
| #define STDC_HEADERS 1
| #define HAVE_SYS_TYPES_H 1
| #define HAVE_SYS_STAT_H 1
| #define HAVE_STDLIB_H 1
| #define HAVE_STRING_H 1
| #define HAVE_MEMORY_H 1
| #define HAVE_STRINGS_H 1
| #define HAVE_INTTYPES_H 1
| #define HAVE_STDINT_H 1
| #define HAVE_UNISTD_H 1
| #define HAVE_DLFCN_H 1
| #define LT_OBJDIR ".libs/"
| #define HAVE_LIBM 1
| #define STDC_HEADERS 1
| #define HAVE_STDARG_H 1
| #define MATIO_HAVE_INTTYPES_H 1
| #define MATIO_HAVE_STDINT_H 1
| #define HAVE_STRINGS_H 1
| #define HAVE_UNISTD_H 1
| #define HAVE_LOCALE_H 1
| #define HAVE_STDDEF_H 1
| #define HAVE_STRUCT_LCONV_DECIMAL_POINT 1
| #define HAVE_STRUCT_LCONV_THOUSANDS_SEP 1
| /* end confdefs.h.  */
| #include <stdio.h>
| #ifdef HAVE_SYS_TYPES_H
| # include <sys/types.h>
| #endif
| #ifdef HAVE_SYS_STAT_H
| # include <sys/stat.h>
| #endif
| #ifdef STDC_HEADERS
| # include <stdlib.h>
| # include <stddef.h>
| #else
| # ifdef HAVE_STDLIB_H
| #  include <stdlib.h>
| # endif
| #endif
| #ifdef HAVE_STRING_H
| # if !defined STDC_HEADERS && defined HAVE_MEMORY_H
| #  include <memory.h>
| # endif
| # include <string.h>
| #endif
| #ifdef HAVE_STRINGS_H
| # include <strings.h>
| #endif
| #ifdef HAVE_INTTYPES_H
| # include <inttypes.h>
| #endif
| #ifdef HAVE_STDINT_H
| # include <stdint.h>
| #endif
| #ifdef HAVE_UNISTD_H
| # include <unistd.h>
| #endif
| int
| main ()
| {
| if (sizeof ((ptrdiff_t)))
| 	    return 0;
|   ;
|   return 0;
| }
configure:12481: result: yes
configure:12493: checking for localeconv
configure:12493: gcc -o conftest  -g -O2   conftest.c -lm  >&5
configure:12493: $? = 0
configure:12493: result: yes
configure:12505: checking for getopt_long
configure:12526: gcc -o conftest  -g -O2   conftest.c -lm  >&5
conftest.c: In function 'main':
conftest.c:55:1: error: 'opt' undeclared (first use in this function)
 opt = getopt_long(0,NULL,NULL,NULL,NULL);
 ^
conftest.c:55:1: note: each undeclared identifier is reported only once for each function it appears in
configure:12526: $? = 1
configure: failed program was:
| /* confdefs.h */
| #define PACKAGE_NAME "MATIO"
| #define PACKAGE_TARNAME "matio"
| #define PACKAGE_VERSION "1.5.12"
| #define PACKAGE_STRING "MATIO 1.5.12"
| #define PACKAGE_BUGREPORT "t-beu@users.sourceforge.net"
| #define PACKAGE_URL "http://sourceforge.net/projects/matio"
| #define PACKAGE "matio"
| #define VERSION "1.5.12"
| #define MATIO_PLATFORM "x86_64-pc-linux-gnu"
| #define MATIO_MAJOR_VERSION 1
| #define MATIO_MINOR_VERSION 5
| #define MATIO_RELEASE_LEVEL 12
| #define MATIO_VERSION 1512
| #define MATIO_VERSION_STR "1.5.12"
| #define NODEBUG /**/
| #define NODEBUG /**/
| #define STDC_HEADERS 1
| #define HAVE_SYS_TYPES_H 1
| #define HAVE_SYS_STAT_H 1
| #define HAVE_STDLIB_H 1
| #define HAVE_STRING_H 1
| #define HAVE_MEMORY_H 1
| #define HAVE_STRINGS_H 1
| #define HAVE_INTTYPES_H 1
| #define HAVE_STDINT_H 1
| #define HAVE_UNISTD_H 1
| #define HAVE_DLFCN_H 1
| #define LT_OBJDIR ".libs/"
| #define HAVE_LIBM 1
| #define STDC_HEADERS 1
| #define HAVE_STDARG_H 1
| #define MATIO_HAVE_INTTYPES_H 1
| #define MATIO_HAVE_STDINT_H 1
| #define HAVE_STRINGS_H 1
| #define HAVE_UNISTD_H 1
| #define HAVE_LOCALE_H 1
| #define HAVE_STDDEF_H 1
| #define HAVE_STRUCT_LCONV_DECIMAL_POINT 1
| #define HAVE_STRUCT_LCONV_THOUSANDS_SEP 1
| #define HAVE_PTRDIFF_T 1
| #define HAVE_LOCALECONV 1
| /* end confdefs.h.  */
| #include <stdio.h>
|  #include <stdlib.h>
|  #ifdef HAVE_UNISTD_H
|  #include <unistd.h>
|  #endif
|  #define _GNU_SOURCE /* For getopt_long on GNU systems */
|  #include <getopt.h>
| 
| int
| main ()
| {
| opt = getopt_long(0,NULL,NULL,NULL,NULL);
|   ;
|   return 0;
| }
configure:12539: result: internal
configure:12556: checking size of double
configure:12561: gcc -o conftest  -g -O2   conftest.c -lm  >&5
configure:12561: $? = 0
configure:12561: ./conftest
configure:12561: $? = 0
configure:12575: result: 8
configure:12589: checking size of float
configure:12594: gcc -o conftest  -g -O2   conftest.c -lm  >&5
configure:12594: $? = 0
configure:12594: ./conftest
configure:12594: $? = 0
configure:12608: result: 4
configure:12622: checking size of long long
configure:12627: gcc -o conftest  -g -O2   conftest.c -lm  >&5
configure:12627: $? = 0
configure:12627: ./conftest
configure:12627: $? = 0
configure:12641: result: 8
configure:12655: checking size of long
configure:12660: gcc -o conftest  -g -O2   conftest.c -lm  >&5
configure:12660: $? = 0
configure:12660: ./conftest
configure:12660: $? = 0
configure:12674: result: 8
configure:12688: checking size of int
configure:12693: gcc -o conftest  -g -O2   conftest.c -lm  >&5
configure:12693: $? = 0
configure:12693: ./conftest
configure:12693: $? = 0
configure:12707: result: 4
configure:12721: checking size of short
configure:12726: gcc -o conftest  -g -O2   conftest.c -lm  >&5
configure:12726: $? = 0
configure:12726: ./conftest
configure:12726: $? = 0
configure:12740: result: 2
configure:12754: checking size of char
configure:12759: gcc -o conftest  -g -O2   conftest.c -lm  >&5
configure:12759: $? = 0
configure:12759: ./conftest
configure:12759: $? = 0
configure:12773: result: 1
configure:12787: checking size of void *
configure:12792: gcc -o conftest  -g -O2   conftest.c -lm  >&5
configure:12792: $? = 0
configure:12792: ./conftest
configure:12792: $? = 0
configure:12806: result: 8
configure:12820: checking size of size_t
configure:12825: gcc -o conftest  -g -O2   conftest.c -lm  >&5
configure:12825: $? = 0
configure:12825: ./conftest
configure:12825: $? = 0
configure:12839: result: 8
configure:12858: checking for mat_int64_t
configure:12880: gcc -o conftest  -g -O2   conftest.c -lm  >&5
configure:12880: $? = 0
configure:12901: result: int64_t
configure:13156: checking for mat_uint64_t
configure:13178: gcc -o conftest  -g -O2   conftest.c -lm  >&5
configure:13178: $? = 0
configure:13199: result: uint64_t
configure:13454: checking for mat_int32_t
configure:13476: gcc -o conftest  -g -O2   conftest.c -lm  >&5
configure:13476: $? = 0
configure:13497: result: int32_t
configure:13752: checking for mat_uint32_t
configure:13774: gcc -o conftest  -g -O2   conftest.c -lm  >&5
configure:13774: $? = 0
configure:13795: result: uint32_t
configure:14050: checking for mat_int16_t
configure:14072: gcc -o conftest  -g -O2   conftest.c -lm  >&5
configure:14072: $? = 0
configure:14093: result: int16_t
configure:14348: checking for mat_uint16_t
configure:14370: gcc -o conftest  -g -O2   conftest.c -lm  >&5
configure:14370: $? = 0
configure:14391: result: uint16_t
configure:14646: checking for mat_int8_t
configure:14668: gcc -o conftest  -g -O2   conftest.c -lm  >&5
configure:14668: $? = 0
configure:14689: result: int8_t
configure:14944: checking for mat_uint8_t
configure:14966: gcc -o conftest  -g -O2   conftest.c -lm  >&5
configure:14966: $? = 0
configure:14987: result: uint8_t
configure:15257: checking for long double
configure:15290: result: yes
configure:15299: checking for unsigned long long int
configure:15338: gcc -o conftest  -g -O2   conftest.c -lm  >&5
configure:15338: $? = 0
configure:15347: result: yes
configure:15357: checking for long long int
configure:15395: gcc -o conftest  -g -O2   conftest.c -lm  >&5
configure:15395: $? = 0
configure:15395: ./conftest
configure:15395: $? = 0
configure:15407: result: yes
configure:15416: checking for unsigned long long int
configure:15464: result: yes
configure:15472: checking for size_t
configure:15472: gcc -c  -g -O2  conftest.c >&5
configure:15472: $? = 0
configure:15472: gcc -c  -g -O2  conftest.c >&5
conftest.c: In function 'main':
conftest.c:109:21: error: expected expression before ')' token
 if (sizeof ((size_t)))
                     ^
configure:15472: $? = 1
configure: failed program was:
| /* confdefs.h */
| #define PACKAGE_NAME "MATIO"
| #define PACKAGE_TARNAME "matio"
| #define PACKAGE_VERSION "1.5.12"
| #define PACKAGE_STRING "MATIO 1.5.12"
| #define PACKAGE_BUGREPORT "t-beu@users.sourceforge.net"
| #define PACKAGE_URL "http://sourceforge.net/projects/matio"
| #define PACKAGE "matio"
| #define VERSION "1.5.12"
| #define MATIO_PLATFORM "x86_64-pc-linux-gnu"
| #define MATIO_MAJOR_VERSION 1
| #define MATIO_MINOR_VERSION 5
| #define MATIO_RELEASE_LEVEL 12
| #define MATIO_VERSION 1512
| #define MATIO_VERSION_STR "1.5.12"
| #define NODEBUG /**/
| #define NODEBUG /**/
| #define STDC_HEADERS 1
| #define HAVE_SYS_TYPES_H 1
| #define HAVE_SYS_STAT_H 1
| #define HAVE_STDLIB_H 1
| #define HAVE_STRING_H 1
| #define HAVE_MEMORY_H 1
| #define HAVE_STRINGS_H 1
| #define HAVE_INTTYPES_H 1
| #define HAVE_STDINT_H 1
| #define HAVE_UNISTD_H 1
| #define HAVE_DLFCN_H 1
| #define LT_OBJDIR ".libs/"
| #define HAVE_LIBM 1
| #define STDC_HEADERS 1
| #define HAVE_STDARG_H 1
| #define MATIO_HAVE_INTTYPES_H 1
| #define MATIO_HAVE_STDINT_H 1
| #define HAVE_STRINGS_H 1
| #define HAVE_UNISTD_H 1
| #define HAVE_LOCALE_H 1
| #define HAVE_STDDEF_H 1
| #define HAVE_STRUCT_LCONV_DECIMAL_POINT 1
| #define HAVE_STRUCT_LCONV_THOUSANDS_SEP 1
| #define HAVE_PTRDIFF_T 1
| #define HAVE_LOCALECONV 1
| #define SIZEOF_DOUBLE 8
| #define SIZEOF_FLOAT 4
| #define SIZEOF_LONG_LONG 8
| #define SIZEOF_LONG 8
| #define SIZEOF_INT 4
| #define SIZEOF_SHORT 2
| #define SIZEOF_CHAR 1
| #define SIZEOF_VOID_P 8
| #define SIZEOF_SIZE_T 8
| #define HAVE_MAT_INT64_T /**/
| #define _mat_int64_t int64_t
| #define HAVE_MAT_UINT64_T /**/
| #define _mat_uint64_t uint64_t
| #define HAVE_MAT_INT32_T /**/
| #define _mat_int32_t int32_t
| #define HAVE_MAT_UINT32_T /**/
| #define _mat_uint32_t uint32_t
| #define HAVE_MAT_INT16_T /**/
| #define _mat_int16_t int16_t
| #define HAVE_MAT_UINT16_T /**/
| #define _mat_uint16_t uint16_t
| #define HAVE_MAT_INT8_T /**/
| #define _mat_int8_t int8_t
| #define HAVE_MAT_UINT8_T /**/
| #define _mat_uint8_t uint8_t
| #define HAVE_LONG_DOUBLE 1
| #define HAVE_UNSIGNED_LONG_LONG_INT 1
| #define HAVE_LONG_LONG_INT 1
| #define HAVE_UNSIGNED_LONG_LONG_INT 1
| /* end confdefs.h.  */
| #include <stdio.h>
| #ifdef HAVE_SYS_TYPES_H
| # include <sys/types.h>
| #endif
| #ifdef HAVE_SYS_STAT_H
| # include <sys/stat.h>
| #endif
| #ifdef STDC_HEADERS
| # include <stdlib.h>
| # include <stddef.h>
| #else
| # ifdef HAVE_STDLIB_H
| #  include <stdlib.h>
| # endif
| #endif
| #ifdef HAVE_STRING_H
| # if !defined STDC_HEADERS && defined HAVE_MEMORY_H
| #  include <memory.h>
| # endif
| # include <string.h>
| #endif
| #ifdef HAVE_STRINGS_H
| # include <strings.h>
| #endif
| #ifdef HAVE_INTTYPES_H
| # include <inttypes.h>
| #endif
| #ifdef HAVE_STDINT_H
| # include <stdint.h>
| #endif
| #ifdef HAVE_UNISTD_H
| # include <unistd.h>
| #endif
| int
| main ()
| {
| if (sizeof ((size_t)))
| 	    return 0;
|   ;
|   return 0;
| }
configure:15472: result: yes
configure:15485: checking for intmax_t
configure:15485: gcc -c  -g -O2  conftest.c >&5
configure:15485: $? = 0
configure:15485: gcc -c  -g -O2  conftest.c >&5
conftest.c: In function 'main':
conftest.c:109:23: error: expected expression before ')' token
 if (sizeof ((intmax_t)))
                       ^
configure:15485: $? = 1
configure: failed program was:
| /* confdefs.h */
| #define PACKAGE_NAME "MATIO"
| #define PACKAGE_TARNAME "matio"
| #define PACKAGE_VERSION "1.5.12"
| #define PACKAGE_STRING "MATIO 1.5.12"
| #define PACKAGE_BUGREPORT "t-beu@users.sourceforge.net"
| #define PACKAGE_URL "http://sourceforge.net/projects/matio"
| #define PACKAGE "matio"
| #define VERSION "1.5.12"
| #define MATIO_PLATFORM "x86_64-pc-linux-gnu"
| #define MATIO_MAJOR_VERSION 1
| #define MATIO_MINOR_VERSION 5
| #define MATIO_RELEASE_LEVEL 12
| #define MATIO_VERSION 1512
| #define MATIO_VERSION_STR "1.5.12"
| #define NODEBUG /**/
| #define NODEBUG /**/
| #define STDC_HEADERS 1
| #define HAVE_SYS_TYPES_H 1
| #define HAVE_SYS_STAT_H 1
| #define HAVE_STDLIB_H 1
| #define HAVE_STRING_H 1
| #define HAVE_MEMORY_H 1
| #define HAVE_STRINGS_H 1
| #define HAVE_INTTYPES_H 1
| #define HAVE_STDINT_H 1
| #define HAVE_UNISTD_H 1
| #define HAVE_DLFCN_H 1
| #define LT_OBJDIR ".libs/"
| #define HAVE_LIBM 1
| #define STDC_HEADERS 1
| #define HAVE_STDARG_H 1
| #define MATIO_HAVE_INTTYPES_H 1
| #define MATIO_HAVE_STDINT_H 1
| #define HAVE_STRINGS_H 1
| #define HAVE_UNISTD_H 1
| #define HAVE_LOCALE_H 1
| #define HAVE_STDDEF_H 1
| #define HAVE_STRUCT_LCONV_DECIMAL_POINT 1
| #define HAVE_STRUCT_LCONV_THOUSANDS_SEP 1
| #define HAVE_PTRDIFF_T 1
| #define HAVE_LOCALECONV 1
| #define SIZEOF_DOUBLE 8
| #define SIZEOF_FLOAT 4
| #define SIZEOF_LONG_LONG 8
| #define SIZEOF_LONG 8
| #define SIZEOF_INT 4
| #define SIZEOF_SHORT 2
| #define SIZEOF_CHAR 1
| #define SIZEOF_VOID_P 8
| #define SIZEOF_SIZE_T 8
| #define HAVE_MAT_INT64_T /**/
| #define _mat_int64_t int64_t
| #define HAVE_MAT_UINT64_T /**/
| #define _mat_uint64_t uint64_t
| #define HAVE_MAT_INT32_T /**/
| #define _mat_int32_t int32_t
| #define HAVE_MAT_UINT32_T /**/
| #define _mat_uint32_t uint32_t
| #define HAVE_MAT_INT16_T /**/
| #define _mat_int16_t int16_t
| #define HAVE_MAT_UINT16_T /**/
| #define _mat_uint16_t uint16_t
| #define HAVE_MAT_INT8_T /**/
| #define _mat_int8_t int8_t
| #define HAVE_MAT_UINT8_T /**/
| #define _mat_uint8_t uint8_t
| #define HAVE_LONG_DOUBLE 1
| #define HAVE_UNSIGNED_LONG_LONG_INT 1
| #define HAVE_LONG_LONG_INT 1
| #define HAVE_UNSIGNED_LONG_LONG_INT 1
| /* end confdefs.h.  */
| #include <stdio.h>
| #ifdef HAVE_SYS_TYPES_H
| # include <sys/types.h>
| #endif
| #ifdef HAVE_SYS_STAT_H
| # include <sys/stat.h>
| #endif
| #ifdef STDC_HEADERS
| # include <stdlib.h>
| # include <stddef.h>
| #else
| # ifdef HAVE_STDLIB_H
| #  include <stdlib.h>
| # endif
| #endif
| #ifdef HAVE_STRING_H
| # if !defined STDC_HEADERS && defined HAVE_MEMORY_H
| #  include <memory.h>
| # endif
| # include <string.h>
| #endif
| #ifdef HAVE_STRINGS_H
| # include <strings.h>
| #endif
| #ifdef HAVE_INTTYPES_H
| # include <inttypes.h>
| #endif
| #ifdef HAVE_STDINT_H
| # include <stdint.h>
| #endif
| #ifdef HAVE_UNISTD_H
| # include <unistd.h>
| #endif
| int
| main ()
| {
| if (sizeof ((intmax_t)))
| 	    return 0;
|   ;
|   return 0;
| }
configure:15485: result: yes
configure:15504: checking for uintmax_t
configure:15504: gcc -c  -g -O2  conftest.c >&5
configure:15504: $? = 0
configure:15504: gcc -c  -g -O2  conftest.c >&5
conftest.c: In function 'main':
conftest.c:110:24: error: expected expression before ')' token
 if (sizeof ((uintmax_t)))
                        ^
configure:15504: $? = 1
configure: failed program was:
| /* confdefs.h */
| #define PACKAGE_NAME "MATIO"
| #define PACKAGE_TARNAME "matio"
| #define PACKAGE_VERSION "1.5.12"
| #define PACKAGE_STRING "MATIO 1.5.12"
| #define PACKAGE_BUGREPORT "t-beu@users.sourceforge.net"
| #define PACKAGE_URL "http://sourceforge.net/projects/matio"
| #define PACKAGE "matio"
| #define VERSION "1.5.12"
| #define MATIO_PLATFORM "x86_64-pc-linux-gnu"
| #define MATIO_MAJOR_VERSION 1
| #define MATIO_MINOR_VERSION 5
| #define MATIO_RELEASE_LEVEL 12
| #define MATIO_VERSION 1512
| #define MATIO_VERSION_STR "1.5.12"
| #define NODEBUG /**/
| #define NODEBUG /**/
| #define STDC_HEADERS 1
| #define HAVE_SYS_TYPES_H 1
| #define HAVE_SYS_STAT_H 1
| #define HAVE_STDLIB_H 1
| #define HAVE_STRING_H 1
| #define HAVE_MEMORY_H 1
| #define HAVE_STRINGS_H 1
| #define HAVE_INTTYPES_H 1
| #define HAVE_STDINT_H 1
| #define HAVE_UNISTD_H 1
| #define HAVE_DLFCN_H 1
| #define LT_OBJDIR ".libs/"
| #define HAVE_LIBM 1
| #define STDC_HEADERS 1
| #define HAVE_STDARG_H 1
| #define MATIO_HAVE_INTTYPES_H 1
| #define MATIO_HAVE_STDINT_H 1
| #define HAVE_STRINGS_H 1
| #define HAVE_UNISTD_H 1
| #define HAVE_LOCALE_H 1
| #define HAVE_STDDEF_H 1
| #define HAVE_STRUCT_LCONV_DECIMAL_POINT 1
| #define HAVE_STRUCT_LCONV_THOUSANDS_SEP 1
| #define HAVE_PTRDIFF_T 1
| #define HAVE_LOCALECONV 1
| #define SIZEOF_DOUBLE 8
| #define SIZEOF_FLOAT 4
| #define SIZEOF_LONG_LONG 8
| #define SIZEOF_LONG 8
| #define SIZEOF_INT 4
| #define SIZEOF_SHORT 2
| #define SIZEOF_CHAR 1
| #define SIZEOF_VOID_P 8
| #define SIZEOF_SIZE_T 8
| #define HAVE_MAT_INT64_T /**/
| #define _mat_int64_t int64_t
| #define HAVE_MAT_UINT64_T /**/
| #define _mat_uint64_t uint64_t
| #define HAVE_MAT_INT32_T /**/
| #define _mat_int32_t int32_t
| #define HAVE_MAT_UINT32_T /**/
| #define _mat_uint32_t uint32_t
| #define HAVE_MAT_INT16_T /**/
| #define _mat_int16_t int16_t
| #define HAVE_MAT_UINT16_T /**/
| #define _mat_uint16_t uint16_t
| #define HAVE_MAT_INT8_T /**/
| #define _mat_int8_t int8_t
| #define HAVE_MAT_UINT8_T /**/
| #define _mat_uint8_t uint8_t
| #define HAVE_LONG_DOUBLE 1
| #define HAVE_UNSIGNED_LONG_LONG_INT 1
| #define HAVE_LONG_LONG_INT 1
| #define HAVE_UNSIGNED_LONG_LONG_INT 1
| #define HAVE_INTMAX_T 1
| /* end confdefs.h.  */
| #include <stdio.h>
| #ifdef HAVE_SYS_TYPES_H
| # include <sys/types.h>
| #endif
| #ifdef HAVE_SYS_STAT_H
| # include <sys/stat.h>
| #endif
| #ifdef STDC_HEADERS
| # include <stdlib.h>
| # include <stddef.h>
| #else
| # ifdef HAVE_STDLIB_H
| #  include <stdlib.h>
| # endif
| #endif
| #ifdef HAVE_STRING_H
| # if !defined STDC_HEADERS && defined HAVE_MEMORY_H
| #  include <memory.h>
| # endif
| # include <string.h>
| #endif
| #ifdef HAVE_STRINGS_H
| # include <strings.h>
| #endif
| #ifdef HAVE_INTTYPES_H
| # include <inttypes.h>
| #endif
| #ifdef HAVE_STDINT_H
| # include <stdint.h>
| #endif
| #ifdef HAVE_UNISTD_H
| # include <unistd.h>
| #endif
| int
| main ()
| {
| if (sizeof ((uintmax_t)))
| 	    return 0;
|   ;
|   return 0;
| }
configure:15504: result: yes
configure:15522: checking for uintptr_t
configure:15522: gcc -c  -g -O2  conftest.c >&5
configure:15522: $? = 0
configure:15522: gcc -c  -g -O2  conftest.c >&5
conftest.c: In function 'main':
conftest.c:111:24: error: expected expression before ')' token
 if (sizeof ((uintptr_t)))
                        ^
configure:15522: $? = 1
configure: failed program was:
| /* confdefs.h */
| #define PACKAGE_NAME "MATIO"
| #define PACKAGE_TARNAME "matio"
| #define PACKAGE_VERSION "1.5.12"
| #define PACKAGE_STRING "MATIO 1.5.12"
| #define PACKAGE_BUGREPORT "t-beu@users.sourceforge.net"
| #define PACKAGE_URL "http://sourceforge.net/projects/matio"
| #define PACKAGE "matio"
| #define VERSION "1.5.12"
| #define MATIO_PLATFORM "x86_64-pc-linux-gnu"
| #define MATIO_MAJOR_VERSION 1
| #define MATIO_MINOR_VERSION 5
| #define MATIO_RELEASE_LEVEL 12
| #define MATIO_VERSION 1512
| #define MATIO_VERSION_STR "1.5.12"
| #define NODEBUG /**/
| #define NODEBUG /**/
| #define STDC_HEADERS 1
| #define HAVE_SYS_TYPES_H 1
| #define HAVE_SYS_STAT_H 1
| #define HAVE_STDLIB_H 1
| #define HAVE_STRING_H 1
| #define HAVE_MEMORY_H 1
| #define HAVE_STRINGS_H 1
| #define HAVE_INTTYPES_H 1
| #define HAVE_STDINT_H 1
| #define HAVE_UNISTD_H 1
| #define HAVE_DLFCN_H 1
| #define LT_OBJDIR ".libs/"
| #define HAVE_LIBM 1
| #define STDC_HEADERS 1
| #define HAVE_STDARG_H 1
| #define MATIO_HAVE_INTTYPES_H 1
| #define MATIO_HAVE_STDINT_H 1
| #define HAVE_STRINGS_H 1
| #define HAVE_UNISTD_H 1
| #define HAVE_LOCALE_H 1
| #define HAVE_STDDEF_H 1
| #define HAVE_STRUCT_LCONV_DECIMAL_POINT 1
| #define HAVE_STRUCT_LCONV_THOUSANDS_SEP 1
| #define HAVE_PTRDIFF_T 1
| #define HAVE_LOCALECONV 1
| #define SIZEOF_DOUBLE 8
| #define SIZEOF_FLOAT 4
| #define SIZEOF_LONG_LONG 8
| #define SIZEOF_LONG 8
| #define SIZEOF_INT 4
| #define SIZEOF_SHORT 2
| #define SIZEOF_CHAR 1
| #define SIZEOF_VOID_P 8
| #define SIZEOF_SIZE_T 8
| #define HAVE_MAT_INT64_T /**/
| #define _mat_int64_t int64_t
| #define HAVE_MAT_UINT64_T /**/
| #define _mat_uint64_t uint64_t
| #define HAVE_MAT_INT32_T /**/
| #define _mat_int32_t int32_t
| #define HAVE_MAT_UINT32_T /**/
| #define _mat_uint32_t uint32_t
| #define HAVE_MAT_INT16_T /**/
| #define _mat_int16_t int16_t
| #define HAVE_MAT_UINT16_T /**/
| #define _mat_uint16_t uint16_t
| #define HAVE_MAT_INT8_T /**/
| #define _mat_int8_t int8_t
| #define HAVE_MAT_UINT8_T /**/
| #define _mat_uint8_t uint8_t
| #define HAVE_LONG_DOUBLE 1
| #define HAVE_UNSIGNED_LONG_LONG_INT 1
| #define HAVE_LONG_LONG_INT 1
| #define HAVE_UNSIGNED_LONG_LONG_INT 1
| #define HAVE_INTMAX_T 1
| #define HAVE_UINTMAX_T 1
| /* end confdefs.h.  */
| #include <stdio.h>
| #ifdef HAVE_SYS_TYPES_H
| # include <sys/types.h>
| #endif
| #ifdef HAVE_SYS_STAT_H
| # include <sys/stat.h>
| #endif
| #ifdef STDC_HEADERS
| # include <stdlib.h>
| # include <stddef.h>
| #else
| # ifdef HAVE_STDLIB_H
| #  include <stdlib.h>
| # endif
| #endif
| #ifdef HAVE_STRING_H
| # if !defined STDC_HEADERS && defined HAVE_MEMORY_H
| #  include <memory.h>
| # endif
| # include <string.h>
| #endif
| #ifdef HAVE_STRINGS_H
| # include <strings.h>
| #endif
| #ifdef HAVE_INTTYPES_H
| # include <inttypes.h>
| #endif
| #ifdef HAVE_STDINT_H
| # include <stdint.h>
| #endif
| #ifdef HAVE_UNISTD_H
| # include <unistd.h>
| #endif
| int
| main ()
| {
| if (sizeof ((uintptr_t)))
| 	    return 0;
|   ;
|   return 0;
| }
configure:15522: result: yes
configure:15559: checking for va_copy() function
configure:15608: gcc -o conftest  -g -O2   conftest.c -lm  >&5
configure:15608: $? = 0
configure:15608: ./conftest
configure:15608: $? = 0
configure:15992: result: yes
configure:16000: checking for vsnprintf()
configure:16018: gcc -o conftest  -g -O2   conftest.c -lm  >&5
configure:16018: $? = 0
configure:16027: result: yes
configure:16030: checking for snprintf()
configure:16047: gcc -o conftest  -g -O2   conftest.c -lm  >&5
configure:16047: $? = 0
configure:16056: result: yes
configure:16059: checking for vasprintf()
configure:16077: gcc -o conftest  -g -O2   conftest.c -lm  >&5
conftest.c: In function 'main':
conftest.c:84:11: warning: implicit declaration of function 'vasprintf' [-Wimplicit-function-declaration]
           vasprintf(NULL,"%d",ap);
           ^
configure:16077: $? = 0
configure:16086: result: yes
configure:16089: checking for asprintf()
configure:16106: gcc -o conftest  -g -O2   conftest.c -lm  >&5
conftest.c: In function 'main':
conftest.c:83:11: warning: implicit declaration of function 'asprintf' [-Wimplicit-function-declaration]
           asprintf(NULL,0,"%d",0);
           ^
configure:16106: $? = 0
configure:16115: result: yes
configure:16168: checking for matlab
configure:16201: result: no
configure:16214: result: no
configure:16232: checking for zlib Library
configure:16262: gcc -o conftest  -g -O2 -I/usr/include   conftest.c -lm  -L/usr/lib -lz >&5
configure:16262: $? = 0
configure:16319: result: -L/usr/lib -lz
configure:16351: checking for HDF5 software
configure:16388: gcc -o conftest -I/usr/lib/x86_64-linux-gnu/hdf5/serial/include  -g -O2   conftest.c -L/usr/lib/x86_64-linux-gnu/hdf5/serial/lib -lhdf5 -L/usr/lib -lz -lm  >&5
configure:16388: $? = 0
configure:16401: result: -L/usr/lib/x86_64-linux-gnu/hdf5/serial/lib -lhdf5
configure:16417: checking if HDF5 interface is >= v1.8
configure:16449: gcc -o conftest -I/usr/lib/x86_64-linux-gnu/hdf5/serial/include  -g -O2   conftest.c -L/usr/lib/x86_64-linux-gnu/hdf5/serial/lib -lhdf5 -L/usr/lib -lz -lm  >&5
configure:16449: $? = 0
configure:16461: result: yes
configure:16494: checking enable MAT v7.3 file support
configure:16502: result: yes
configure:16529: checking for default MAT file version
configure:16549: result: MAT_FT_MAT73
configure:16563: checking enable extended sparse types
configure:16572: result: yes
configure:16774: checking that generated files are newer than configure
configure:16780: result: done
configure:16831: creating ./config.status

## ---------------------- ##
## Running config.status. ##
## ---------------------- ##

This file was extended by MATIO config.status 1.5.12, which was
generated by GNU Autoconf 2.69.  Invocation command line was

  CONFIG_FILES    = 
  CONFIG_HEADERS  = 
  CONFIG_LINKS    = 
  CONFIG_COMMANDS = 
  $ ./config.status 

on ubuntu

config.status:1182: creating Makefile
config.status:1182: creating matio.pc
config.status:1182: creating src/Makefile
config.status:1182: creating getopt/Makefile
config.status:1182: creating tools/Makefile
config.status:1182: creating test/Makefile
config.status:1182: creating documentation/Makefile
config.status:1182: creating src/matioConfig.h
config.status:1182: creating src/matio_pubconf.h
config.status:1396: executing libtool commands
config.status:1396: executing test/atconfig commands
configure:18913: result: 
configure:18915: result:    MATIO Configuration Summary       
configure:18917: result: ==============================================================
configure:18919: result:            C Compiler: gcc
configure:18921: result:                CFLAGS:  -g -O2
configure:18923: result:      Shared Libraries: yes
configure:18925: result:      Static Libraries: yes
configure:18927: result:   default MAT version: MAT_FT_MAT73
configure:18929: result: 
configure:18931: result: Features --------------------------------------------
configure:18933: result:   MAT v7.3 file support: yes
configure:18935: result: Extended sparse support: yes
configure:18937: result: 
configure:18939: result: Packages --------------------------------------------
configure:18941: result:                  zlib: -L/usr/lib -lz
configure:18943: result:                  hdf5: -L/usr/lib/x86_64-linux-gnu/hdf5/serial/lib -lhdf5
configure:18945: result:                MATLAB: 
configure:18947: result: 
configure:18949: result: 

## ---------------- ##
## Cache variables. ##
## ---------------- ##

ac_cv_build=x86_64-pc-linux-gnu
ac_cv_c_compiler_gnu=yes
ac_cv_env_CC_set=
ac_cv_env_CC_value=
ac_cv_env_CFLAGS_set=
ac_cv_env_CFLAGS_value=
ac_cv_env_CPPFLAGS_set=
ac_cv_env_CPPFLAGS_value=
ac_cv_env_CPP_set=
ac_cv_env_CPP_value=
ac_cv_env_FCLDFLAGS_set=
ac_cv_env_FCLDFLAGS_value=
ac_cv_env_LDFLAGS_set=
ac_cv_env_LDFLAGS_value=
ac_cv_env_LIBS_set=
ac_cv_env_LIBS_value=
ac_cv_env_LT_CFLAGS_set=
ac_cv_env_LT_CFLAGS_value=
ac_cv_env_LT_LDFLAGS_set=
ac_cv_env_LT_LDFLAGS_value=
ac_cv_env_LT_SYS_LIBRARY_PATH_set=
ac_cv_env_LT_SYS_LIBRARY_PATH_value=
ac_cv_env_build_alias_set=
ac_cv_env_build_alias_value=
ac_cv_env_host_alias_set=
ac_cv_env_host_alias_value=
ac_cv_env_target_alias_set=
ac_cv_env_target_alias_value=
ac_cv_func_localeconv=yes
ac_cv_header_dlfcn_h=yes
ac_cv_header_inttypes_h=yes
ac_cv_header_locale_h=yes
ac_cv_header_memory_h=yes
ac_cv_header_stdarg_h=yes
ac_cv_header_stdc=yes
ac_cv_header_stddef_h=yes
ac_cv_header_stdint_h=yes
ac_cv_header_stdlib_h=yes
ac_cv_header_string_h=yes
ac_cv_header_strings_h=yes
ac_cv_header_sys_stat_h=yes
ac_cv_header_sys_types_h=yes
ac_cv_header_unistd_h=yes
ac_cv_header_varargs_h=no
ac_cv_host=x86_64-pc-linux-gnu
ac_cv_lib_m_pow=yes
ac_cv_member_struct_lconv_decimal_point=yes
ac_cv_member_struct_lconv_thousands_sep=yes
ac_cv_objext=o
ac_cv_path_EGREP='/bin/grep -E'
ac_cv_path_FGREP='/bin/grep -F'
ac_cv_path_GREP=/bin/grep
ac_cv_path_SED=/bin/sed
ac_cv_path_install='/usr/bin/install -c'
ac_cv_path_lt_DD=/bin/dd
ac_cv_path_mkdir=/bin/mkdir
ac_cv_prog_AWK=mawk
ac_cv_prog_CPP='gcc -E'
ac_cv_prog_ac_ct_AR=ar
ac_cv_prog_ac_ct_CC=gcc
ac_cv_prog_ac_ct_MANIFEST_TOOL=mt
ac_cv_prog_ac_ct_OBJDUMP=objdump
ac_cv_prog_ac_ct_RANLIB=ranlib
ac_cv_prog_ac_ct_STRIP=strip
ac_cv_prog_cc_c89=
ac_cv_prog_cc_g=yes
ac_cv_prog_make_make_set=yes
ac_cv_sizeof_char=1
ac_cv_sizeof_double=8
ac_cv_sizeof_float=4
ac_cv_sizeof_int=4
ac_cv_sizeof_long=8
ac_cv_sizeof_long_long=8
ac_cv_sizeof_short=2
ac_cv_sizeof_size_t=8
ac_cv_sizeof_void_p=8
ac_cv_type_intmax_t=yes
ac_cv_type_long_double=yes
ac_cv_type_long_long_int=yes
ac_cv_type_ptrdiff_t=yes
ac_cv_type_size_t=yes
ac_cv_type_uintmax_t=yes
ac_cv_type_uintptr_t=yes
ac_cv_type_unsigned_long_long_int=yes
ac_cv_va_copy=C99
am_cv_make_support_nested_variables=yes
am_cv_prog_cc_c_o=yes
lt_cv_ar_at_file=@
lt_cv_archive_cmds_need_lc=no
lt_cv_deplibs_check_method=pass_all
lt_cv_file_magic_cmd='$MAGIC_CMD'
lt_cv_file_magic_test_file=
lt_cv_ld_reload_flag=-r
lt_cv_nm_interface='BSD nm'
lt_cv_objdir=.libs
lt_cv_path_LD=/usr/bin/ld
lt_cv_path_NM='/usr/bin/nm -B'
lt_cv_path_mainfest_tool=no
lt_cv_prog_compiler_c_o=yes
lt_cv_prog_compiler_pic='-fPIC -DPIC'
lt_cv_prog_compiler_pic_works=yes
lt_cv_prog_compiler_rtti_exceptions=no
lt_cv_prog_compiler_static_works=yes
lt_cv_prog_gnu_ld=yes
lt_cv_sharedlib_from_linklib_cmd='printf %s\n'
lt_cv_shlibpath_overrides_runpath=no
lt_cv_sys_global_symbol_pipe='sed -n -e '\''s/^.*[	 ]\([ABCDGIRSTW][ABCDGIRSTW]*\)[	 ][	 ]*\([_A-Za-z][_A-Za-z0-9]*\)$/\1 \2 \2/p'\'' | sed '\''/ __gnu_lto/d'\'''
lt_cv_sys_global_symbol_to_c_name_address='sed -n -e '\''s/^: \(.*\) .*$/  {"\1", (void *) 0},/p'\'' -e '\''s/^[ABCDGIRSTW][ABCDGIRSTW]* .* \(.*\)$/  {"\1", (void *) \&\1},/p'\'''
lt_cv_sys_global_symbol_to_c_name_address_lib_prefix='sed -n -e '\''s/^: \(.*\) .*$/  {"\1", (void *) 0},/p'\'' -e '\''s/^[ABCDGIRSTW][ABCDGIRSTW]* .* \(lib.*\)$/  {"\1", (void *) \&\1},/p'\'' -e '\''s/^[ABCDGIRSTW][ABCDGIRSTW]* .* \(.*\)$/  {"lib\1", (void *) \&\1},/p'\'''
lt_cv_sys_global_symbol_to_cdecl='sed -n -e '\''s/^T .* \(.*\)$/extern int \1();/p'\'' -e '\''s/^[ABCDGIRSTW][ABCDGIRSTW]* .* \(.*\)$/extern char \1;/p'\'''
lt_cv_sys_global_symbol_to_import=
lt_cv_sys_max_cmd_len=1572864
lt_cv_to_host_file_cmd=func_convert_file_noop
lt_cv_to_tool_file_cmd=func_convert_file_noop
lt_cv_truncate_bin='/bin/dd bs=4096 count=1'
matio_cv_have_asprintf=yes
matio_cv_have_matlab=no
matio_cv_have_snprintf=yes
matio_cv_have_vasprintf=yes
matio_cv_have_vsnprintf=yes

## ----------------- ##
## Output variables. ##
## ----------------- ##

ACLOCAL='aclocal-1.15'
AMTAR='$${TAR-tar}'
AM_BACKSLASH='\'
AM_DEFAULT_V='$(AM_DEFAULT_VERBOSITY)'
AM_DEFAULT_VERBOSITY='1'
AM_V='$(V)'
AR='ar'
AUTOCONF='autoconf'
AUTOHEADER='autoheader'
AUTOM4TE='autom4te'
AUTOMAKE='automake-1.15'
AUTOTEST='$(AUTOM4TE) --language=Autotest'
AWK='mawk'
CC='gcc'
CFLAGS=' -g -O2'
CPP='gcc -E'
CPPFLAGS=''
CYGPATH_W='echo'
DEFS='-DHAVE_CONFIG_H'
DLLTOOL='false'
DSYMUTIL=''
DUMPBIN=''
ECHO_C=''
ECHO_N='-n'
ECHO_T=''
EGREP='/bin/grep -E'
EXEEXT=''
EXTENDED_SPARSE_FALSE='#'
EXTENDED_SPARSE_TRUE=''
FCLDFLAGS=''
FGREP='/bin/grep -F'
GREP='/bin/grep'
HAVE_HDF5_FALSE='#'
HAVE_HDF5_TRUE=''
HAVE_INT64='1'
HAVE_UINT64='1'
HAVE_ZLIB_FALSE='#'
HAVE_ZLIB_TRUE=''
HDF5_CFLAGS='-I/usr/lib/x86_64-linux-gnu/hdf5/serial/include'
HDF5_LIBS='-L/usr/lib/x86_64-linux-gnu/hdf5/serial/lib -lhdf5'
INSTALL_DATA='${INSTALL} -m 644'
INSTALL_PROGRAM='${INSTALL}'
INSTALL_SCRIPT='${INSTALL}'
INSTALL_STRIP_PROGRAM='$(install_sh) -c -s'
LD='/usr/bin/ld -m elf_x86_64'
LDFLAGS=''
LIBOBJS=''
LIBS='-lm '
LIBTOOL='$(SHELL) $(top_builddir)/libtool'
LINUX_FALSE='#'
LINUX_TRUE=''
LIPO=''
LN_S='ln -s'
LTLIBOBJS=''
LT_CFLAGS=''
LT_LDFLAGS=''
LT_SYS_LIBRARY_PATH=''
MAINT='#'
MAINTAINER_MODE_FALSE=''
MAINTAINER_MODE_TRUE='#'
MAKEINFO='makeinfo'
MANIFEST_TOOL=':'
MAT73_FALSE='#'
MAT73_TRUE=''
MATLABEXE=''
MKDIR_P='/bin/mkdir -p'
NEED_GETOPT_FALSE='#'
NEED_GETOPT_TRUE=''
NM='/usr/bin/nm -B'
NMEDIT=''
OBJDUMP='objdump'
OBJEXT='o'
OTOOL64=''
OTOOL=''
PACKAGE='matio'
PACKAGE_BUGREPORT='t-beu@users.sourceforge.net'
PACKAGE_NAME='MATIO'
PACKAGE_RELEASE_DATE='7 March 2018'
PACKAGE_STRING='MATIO 1.5.12'
PACKAGE_TARNAME='matio'
PACKAGE_URL='http://sourceforge.net/projects/matio'
PACKAGE_VERSION='1.5.12'
PATH_SEPARATOR=':'
RANLIB='ranlib'
SED='/bin/sed'
SET_MAKE=''
SHELL='/bin/bash'
SIZEOF_INT='4'
SIZEOF_SIZE_T='8'
SIZEOF_VOID_P='8'
STRIP='strip'
SUN_FALSE=''
SUN_TRUE='#'
VERSION='1.5.12'
WINNT_FALSE=''
WINNT_TRUE='#'
ZLIB_CFLAGS='-I/usr/include'
ZLIB_LIBS='-L/usr/lib -lz'
ac_ct_AR='ar'
ac_ct_CC='gcc'
ac_ct_DUMPBIN=''
am__EXEEXT_FALSE=''
am__EXEEXT_TRUE='#'
am__isrc=' -I$(srcdir)'
am__leading_dot='.'
am__tar='$${TAR-tar} chof - "$$tardir"'
am__untar='$${TAR-tar} xf -'
bindir='${exec_prefix}/bin'
build='x86_64-pc-linux-gnu'
build_alias=''
build_cpu='x86_64'
build_os='linux-gnu'
build_vendor='pc'
datadir='${datarootdir}'
datarootdir='${prefix}/share'
docdir='${datarootdir}/doc/${PACKAGE_TARNAME}'
dvidir='${docdir}'
exec_prefix='${prefix}'
host='x86_64-pc-linux-gnu'
host_alias=''
host_cpu='x86_64'
host_os='linux-gnu'
host_vendor='pc'
htmldir='${docdir}'
includedir='${prefix}/include'
infodir='${datarootdir}/info'
install_sh='${SHELL} /home/ubuntu/passive_radar/gnss-sdr/thirdparty/matio/matio-1.5.12/config/install-sh'
libdir='${exec_prefix}/lib'
libexecdir='${exec_prefix}/libexec'
localedir='${datarootdir}/locale'
localstatedir='${prefix}/var'
mandir='${datarootdir}/man'
mkdir_p='$(MKDIR_P)'
oldincludedir='/usr/include'
pdfdir='${docdir}'
prefix='/home/ubuntu/passive_radar/gnss-sdr/build/matio'
program_transform_name='s,x,x,'
psdir='${docdir}'
runstatedir='${localstatedir}/run'
sbindir='${exec_prefix}/sbin'
sharedstatedir='${prefix}/com'
sysconfdir='${prefix}/etc'
target_alias=''

## ----------- ##
## confdefs.h. ##
## ----------- ##

/* confdefs.h */
#define PACKAGE_NAME "MATIO"
#define PACKAGE_TARNAME "matio"
#define PACKAGE_VERSION "1.5.12"
#define PACKAGE_STRING "MATIO 1.5.12"
#define PACKAGE_BUGREPORT "t-beu@users.sourceforge.net"
#define PACKAGE_URL "http://sourceforge.net/projects/matio"
#define PACKAGE "matio"
#define VERSION "1.5.12"
#define MATIO_PLATFORM "x86_64-pc-linux-gnu"
#define MATIO_MAJOR_VERSION 1
#define MATIO_MINOR_VERSION 5
#define MATIO_RELEASE_LEVEL 12
#define MATIO_VERSION 1512
#define MATIO_VERSION_STR "1.5.12"
#define NODEBUG /**/
#define NODEBUG /**/
#define STDC_HEADERS 1
#define HAVE_SYS_TYPES_H 1
#define HAVE_SYS_STAT_H 1
#define HAVE_STDLIB_H 1
#define HAVE_STRING_H 1
#define HAVE_MEMORY_H 1
#define HAVE_STRINGS_H 1
#define HAVE_INTTYPES_H 1
#define HAVE_STDINT_H 1
#define HAVE_UNISTD_H 1
#define HAVE_DLFCN_H 1
#define LT_OBJDIR ".libs/"
#define HAVE_LIBM 1
#define STDC_HEADERS 1
#define HAVE_STDARG_H 1
#define MATIO_HAVE_INTTYPES_H 1
#define MATIO_HAVE_STDINT_H 1
#define HAVE_STRINGS_H 1
#define HAVE_UNISTD_H 1
#define HAVE_LOCALE_H 1
#define HAVE_STDDEF_H 1
#define HAVE_STRUCT_LCONV_DECIMAL_POINT 1
#define HAVE_STRUCT_LCONV_THOUSANDS_SEP 1
#define HAVE_PTRDIFF_T 1
#define HAVE_LOCALECONV 1
#define SIZEOF_DOUBLE 8
#define SIZEOF_FLOAT 4
#define SIZEOF_LONG_LONG 8
#define SIZEOF_LONG 8
#define SIZEOF_INT 4
#define SIZEOF_SHORT 2
#define SIZEOF_CHAR 1
#define SIZEOF_VOID_P 8
#define SIZEOF_SIZE_T 8
#define HAVE_MAT_INT64_T /**/
#define _mat_int64_t int64_t
#define HAVE_MAT_UINT64_T /**/
#define _mat_uint64_t uint64_t
#define HAVE_MAT_INT32_T /**/
#define _mat_int32_t int32_t
#define HAVE_MAT_UINT32_T /**/
#define _mat_uint32_t uint32_t
#define HAVE_MAT_INT16_T /**/
#define _mat_int16_t int16_t
#define HAVE_MAT_UINT16_T /**/
#define _mat_uint16_t uint16_t
#define HAVE_MAT_INT8_T /**/
#define _mat_int8_t int8_t
#define HAVE_MAT_UINT8_T /**/
#define _mat_uint8_t uint8_t
#define HAVE_LONG_DOUBLE 1
#define HAVE_UNSIGNED_LONG_LONG_INT 1
#define HAVE_LONG_LONG_INT 1
#define HAVE_UNSIGNED_LONG_LONG_INT 1
#define HAVE_INTMAX_T 1
#define HAVE_UINTMAX_T 1
#define HAVE_UINTPTR_T 1
#define HAVE_VA_COPY 1
#define __VA_COPY_USE __VA_COPY_USE_C99
#define HAVE_VSNPRINTF 1
#define HAVE_SNPRINTF 1
#define HAVE_VASPRINTF 1
#define HAVE_ASPRINTF 1
#define HAVE_ZLIB 1
#define HAVE_HDF5 1
#define MAT73 1
#define MAT_FT_DEFAULT MAT_FT_MAT73
#define EXTENDED_SPARSE /**/
#define LINUX /**/

configure: exit 0
