Determining if the include file intrin.h exists failed with the following output:
Change Dir: /home/ubuntu/passive_radar/gnss-sdr/build/volk_gnsssdr_module/build/CMakeFiles/CMakeTmp

Run Build Command:"/usr/bin/make" "cmTC_9860a/fast"
make[3]: Entering directory '/home/ubuntu/passive_radar/gnss-sdr/build/volk_gnsssdr_module/build/CMakeFiles/CMakeTmp'
/usr/bin/make -f CMakeFiles/cmTC_9860a.dir/build.make CMakeFiles/cmTC_9860a.dir/build
make[4]: Entering directory '/home/ubuntu/passive_radar/gnss-sdr/build/volk_gnsssdr_module/build/CMakeFiles/CMakeTmp'
Building C object CMakeFiles/cmTC_9860a.dir/CheckIncludeFile.c.o
/usr/bin/cc    -Wall    -o CMakeFiles/cmTC_9860a.dir/CheckIncludeFile.c.o   -c /home/ubuntu/passive_radar/gnss-sdr/build/volk_gnsssdr_module/build/CMakeFiles/CMakeTmp/CheckIncludeFile.c
/home/ubuntu/passive_radar/gnss-sdr/build/volk_gnsssdr_module/build/CMakeFiles/CMakeTmp/CheckIncludeFile.c:1:20: fatal error: intrin.h: No such file or directory
compilation terminated.
CMakeFiles/cmTC_9860a.dir/build.make:65: recipe for target 'CMakeFiles/cmTC_9860a.dir/CheckIncludeFile.c.o' failed
make[4]: *** [CMakeFiles/cmTC_9860a.dir/CheckIncludeFile.c.o] Error 1
make[4]: Leaving directory '/home/ubuntu/passive_radar/gnss-sdr/build/volk_gnsssdr_module/build/CMakeFiles/CMakeTmp'
Makefile:126: recipe for target 'cmTC_9860a/fast' failed
make[3]: *** [cmTC_9860a/fast] Error 2
make[3]: Leaving directory '/home/ubuntu/passive_radar/gnss-sdr/build/volk_gnsssdr_module/build/CMakeFiles/CMakeTmp'


Performing C++ SOURCE FILE Test HAVE_WERROR_UNUSED_CMD_LINE_ARG failed with the following output:
Change Dir: /home/ubuntu/passive_radar/gnss-sdr/build/volk_gnsssdr_module/build/CMakeFiles/CMakeTmp

Run Build Command:"/usr/bin/make" "cmTC_853ae/fast"
make[3]: Entering directory '/home/ubuntu/passive_radar/gnss-sdr/build/volk_gnsssdr_module/build/CMakeFiles/CMakeTmp'
/usr/bin/make -f CMakeFiles/cmTC_853ae.dir/build.make CMakeFiles/cmTC_853ae.dir/build
make[4]: Entering directory '/home/ubuntu/passive_radar/gnss-sdr/build/volk_gnsssdr_module/build/CMakeFiles/CMakeTmp'
Building CXX object CMakeFiles/cmTC_853ae.dir/src.cxx.o
/usr/bin/c++     -std=c++11 -Wall -Wextra -Wall -DHAVE_WERROR_UNUSED_CMD_LINE_ARG   -Werror=unused-command-line-argument -o CMakeFiles/cmTC_853ae.dir/src.cxx.o -c /home/ubuntu/passive_radar/gnss-sdr/build/volk_gnsssdr_module/build/CMakeFiles/CMakeTmp/src.cxx
cc1plus: error: -Werror=unused-command-line-argument: no option -Wunused-command-line-argument
CMakeFiles/cmTC_853ae.dir/build.make:65: recipe for target 'CMakeFiles/cmTC_853ae.dir/src.cxx.o' failed
make[4]: *** [CMakeFiles/cmTC_853ae.dir/src.cxx.o] Error 1
make[4]: Leaving directory '/home/ubuntu/passive_radar/gnss-sdr/build/volk_gnsssdr_module/build/CMakeFiles/CMakeTmp'
Makefile:126: recipe for target 'cmTC_853ae/fast' failed
make[3]: *** [cmTC_853ae/fast] Error 2
make[3]: Leaving directory '/home/ubuntu/passive_radar/gnss-sdr/build/volk_gnsssdr_module/build/CMakeFiles/CMakeTmp'

Source file was:
int main() { return 0; }
Performing C++ SOURCE FILE Test have_mfloat_abi_softfp failed with the following output:
Change Dir: /home/ubuntu/passive_radar/gnss-sdr/build/volk_gnsssdr_module/build/CMakeFiles/CMakeTmp

Run Build Command:"/usr/bin/make" "cmTC_76d20/fast"
make[3]: Entering directory '/home/ubuntu/passive_radar/gnss-sdr/build/volk_gnsssdr_module/build/CMakeFiles/CMakeTmp'
/usr/bin/make -f CMakeFiles/cmTC_76d20.dir/build.make CMakeFiles/cmTC_76d20.dir/build
make[4]: Entering directory '/home/ubuntu/passive_radar/gnss-sdr/build/volk_gnsssdr_module/build/CMakeFiles/CMakeTmp'
Building CXX object CMakeFiles/cmTC_76d20.dir/src.cxx.o
/usr/bin/c++     -std=c++11 -Wall -Wextra -Wall -Dhave_mfloat_abi_softfp   -mfloat-abi=softfp -o CMakeFiles/cmTC_76d20.dir/src.cxx.o -c /home/ubuntu/passive_radar/gnss-sdr/build/volk_gnsssdr_module/build/CMakeFiles/CMakeTmp/src.cxx
c++: error: unrecognized command line option '-mfloat-abi=softfp'
CMakeFiles/cmTC_76d20.dir/build.make:65: recipe for target 'CMakeFiles/cmTC_76d20.dir/src.cxx.o' failed
make[4]: *** [CMakeFiles/cmTC_76d20.dir/src.cxx.o] Error 1
make[4]: Leaving directory '/home/ubuntu/passive_radar/gnss-sdr/build/volk_gnsssdr_module/build/CMakeFiles/CMakeTmp'
Makefile:126: recipe for target 'cmTC_76d20/fast' failed
make[3]: *** [cmTC_76d20/fast] Error 2
make[3]: Leaving directory '/home/ubuntu/passive_radar/gnss-sdr/build/volk_gnsssdr_module/build/CMakeFiles/CMakeTmp'

Source file was:
int main() { return 0; }
Performing C++ SOURCE FILE Test have_mfloat_abi_hard failed with the following output:
Change Dir: /home/ubuntu/passive_radar/gnss-sdr/build/volk_gnsssdr_module/build/CMakeFiles/CMakeTmp

Run Build Command:"/usr/bin/make" "cmTC_15bfe/fast"
make[3]: Entering directory '/home/ubuntu/passive_radar/gnss-sdr/build/volk_gnsssdr_module/build/CMakeFiles/CMakeTmp'
/usr/bin/make -f CMakeFiles/cmTC_15bfe.dir/build.make CMakeFiles/cmTC_15bfe.dir/build
make[4]: Entering directory '/home/ubuntu/passive_radar/gnss-sdr/build/volk_gnsssdr_module/build/CMakeFiles/CMakeTmp'
Building CXX object CMakeFiles/cmTC_15bfe.dir/src.cxx.o
/usr/bin/c++     -std=c++11 -Wall -Wextra -Wall -Dhave_mfloat_abi_hard   -mfloat-abi=hard -o CMakeFiles/cmTC_15bfe.dir/src.cxx.o -c /home/ubuntu/passive_radar/gnss-sdr/build/volk_gnsssdr_module/build/CMakeFiles/CMakeTmp/src.cxx
c++: error: unrecognized command line option '-mfloat-abi=hard'
CMakeFiles/cmTC_15bfe.dir/build.make:65: recipe for target 'CMakeFiles/cmTC_15bfe.dir/src.cxx.o' failed
make[4]: *** [CMakeFiles/cmTC_15bfe.dir/src.cxx.o] Error 1
make[4]: Leaving directory '/home/ubuntu/passive_radar/gnss-sdr/build/volk_gnsssdr_module/build/CMakeFiles/CMakeTmp'
Makefile:126: recipe for target 'cmTC_15bfe/fast' failed
make[3]: *** [cmTC_15bfe/fast] Error 2
make[3]: Leaving directory '/home/ubuntu/passive_radar/gnss-sdr/build/volk_gnsssdr_module/build/CMakeFiles/CMakeTmp'

Source file was:
int main() { return 0; }
Performing C++ SOURCE FILE Test have_mfpu_neon failed with the following output:
Change Dir: /home/ubuntu/passive_radar/gnss-sdr/build/volk_gnsssdr_module/build/CMakeFiles/CMakeTmp

Run Build Command:"/usr/bin/make" "cmTC_cbe69/fast"
make[3]: Entering directory '/home/ubuntu/passive_radar/gnss-sdr/build/volk_gnsssdr_module/build/CMakeFiles/CMakeTmp'
/usr/bin/make -f CMakeFiles/cmTC_cbe69.dir/build.make CMakeFiles/cmTC_cbe69.dir/build
make[4]: Entering directory '/home/ubuntu/passive_radar/gnss-sdr/build/volk_gnsssdr_module/build/CMakeFiles/CMakeTmp'
Building CXX object CMakeFiles/cmTC_cbe69.dir/src.cxx.o
/usr/bin/c++     -std=c++11 -Wall -Wextra -Wall -Dhave_mfpu_neon   -mfpu=neon -o CMakeFiles/cmTC_cbe69.dir/src.cxx.o -c /home/ubuntu/passive_radar/gnss-sdr/build/volk_gnsssdr_module/build/CMakeFiles/CMakeTmp/src.cxx
c++: error: unrecognized command line option '-mfpu=neon'
CMakeFiles/cmTC_cbe69.dir/build.make:65: recipe for target 'CMakeFiles/cmTC_cbe69.dir/src.cxx.o' failed
make[4]: *** [CMakeFiles/cmTC_cbe69.dir/src.cxx.o] Error 1
make[4]: Leaving directory '/home/ubuntu/passive_radar/gnss-sdr/build/volk_gnsssdr_module/build/CMakeFiles/CMakeTmp'
Makefile:126: recipe for target 'cmTC_cbe69/fast' failed
make[3]: *** [cmTC_cbe69/fast] Error 2
make[3]: Leaving directory '/home/ubuntu/passive_radar/gnss-sdr/build/volk_gnsssdr_module/build/CMakeFiles/CMakeTmp'

Source file was:
int main() { return 0; }
Performing C++ SOURCE FILE Test have_m32 failed with the following output:
Change Dir: /home/ubuntu/passive_radar/gnss-sdr/build/volk_gnsssdr_module/build/CMakeFiles/CMakeTmp

Run Build Command:"/usr/bin/make" "cmTC_b82d6/fast"
make[3]: Entering directory '/home/ubuntu/passive_radar/gnss-sdr/build/volk_gnsssdr_module/build/CMakeFiles/CMakeTmp'
/usr/bin/make -f CMakeFiles/cmTC_b82d6.dir/build.make CMakeFiles/cmTC_b82d6.dir/build
make[4]: Entering directory '/home/ubuntu/passive_radar/gnss-sdr/build/volk_gnsssdr_module/build/CMakeFiles/CMakeTmp'
Building CXX object CMakeFiles/cmTC_b82d6.dir/src.cxx.o
/usr/bin/c++     -std=c++11 -Wall -Wextra -Wall -Dhave_m32   -m32 -o CMakeFiles/cmTC_b82d6.dir/src.cxx.o -c /home/ubuntu/passive_radar/gnss-sdr/build/volk_gnsssdr_module/build/CMakeFiles/CMakeTmp/src.cxx
Linking CXX executable cmTC_b82d6
/usr/bin/cmake -E cmake_link_script CMakeFiles/cmTC_b82d6.dir/link.txt --verbose=1
/usr/bin/c++     -std=c++11 -Wall -Wextra -Wall -Dhave_m32    CMakeFiles/cmTC_b82d6.dir/src.cxx.o  -o cmTC_b82d6 -rdynamic 
/usr/bin/ld: i386 architecture of input file `CMakeFiles/cmTC_b82d6.dir/src.cxx.o' is incompatible with i386:x86-64 output
collect2: error: ld returned 1 exit status
CMakeFiles/cmTC_b82d6.dir/build.make:97: recipe for target 'cmTC_b82d6' failed
make[4]: *** [cmTC_b82d6] Error 1
make[4]: Leaving directory '/home/ubuntu/passive_radar/gnss-sdr/build/volk_gnsssdr_module/build/CMakeFiles/CMakeTmp'
Makefile:126: recipe for target 'cmTC_b82d6/fast' failed
make[3]: *** [cmTC_b82d6/fast] Error 2
make[3]: Leaving directory '/home/ubuntu/passive_radar/gnss-sdr/build/volk_gnsssdr_module/build/CMakeFiles/CMakeTmp'

Source file was:
int main() { return 0; }
Performing C SOURCE FILE Test neon_compile_result failed with the following output:
Change Dir: /home/ubuntu/passive_radar/gnss-sdr/build/volk_gnsssdr_module/build/CMakeFiles/CMakeTmp

Run Build Command:"/usr/bin/make" "cmTC_0e18c/fast"
make[3]: Entering directory '/home/ubuntu/passive_radar/gnss-sdr/build/volk_gnsssdr_module/build/CMakeFiles/CMakeTmp'
/usr/bin/make -f CMakeFiles/cmTC_0e18c.dir/build.make CMakeFiles/cmTC_0e18c.dir/build
make[4]: Entering directory '/home/ubuntu/passive_radar/gnss-sdr/build/volk_gnsssdr_module/build/CMakeFiles/CMakeTmp'
Building C object CMakeFiles/cmTC_0e18c.dir/src.c.o
/usr/bin/cc    -Wall -Dneon_compile_result   -o CMakeFiles/cmTC_0e18c.dir/src.c.o   -c /home/ubuntu/passive_radar/gnss-sdr/build/volk_gnsssdr_module/build/CMakeFiles/CMakeTmp/src.c
/home/ubuntu/passive_radar/gnss-sdr/build/volk_gnsssdr_module/build/CMakeFiles/CMakeTmp/src.c:1:22: fatal error: arm_neon.h: No such file or directory
compilation terminated.
CMakeFiles/cmTC_0e18c.dir/build.make:65: recipe for target 'CMakeFiles/cmTC_0e18c.dir/src.c.o' failed
make[4]: *** [CMakeFiles/cmTC_0e18c.dir/src.c.o] Error 1
make[4]: Leaving directory '/home/ubuntu/passive_radar/gnss-sdr/build/volk_gnsssdr_module/build/CMakeFiles/CMakeTmp'
Makefile:126: recipe for target 'cmTC_0e18c/fast' failed
make[3]: *** [cmTC_0e18c/fast] Error 2
make[3]: Leaving directory '/home/ubuntu/passive_radar/gnss-sdr/build/volk_gnsssdr_module/build/CMakeFiles/CMakeTmp'

Source file was:
#include <arm_neon.h>
int main(){ uint8_t *dest; uint8x8_t res; vst1_u8(dest, res); }
